<?xml version="1.0" encoding="UTF-8" ?>
<testsuite tests="2" failures="2" name="BasicTest" time="93.507" errors="0" skipped="0">
  <properties>
    <property name="java.runtime.name" value="Java(TM) SE Runtime Environment"/>
    <property name="sun.boot.library.path" value="/Library/Java/JavaVirtualMachines/jdk1.8.0_151.jdk/Contents/Home/jre/lib"/>
    <property name="java.vm.version" value="25.151-b12"/>
    <property name="gopherProxySet" value="false"/>
    <property name="java.vm.vendor" value="Oracle Corporation"/>
    <property name="maven.multiModuleProjectDirectory" value="/Users/brianrmullin/dev/selenium/masteringSelenium"/>
    <property name="java.vendor.url" value="http://java.oracle.com/"/>
    <property name="path.separator" value=":"/>
    <property name="guice.disable.misplaced.annotation.check" value="true"/>
    <property name="java.vm.name" value="Java HotSpot(TM) 64-Bit Server VM"/>
    <property name="file.encoding.pkg" value="sun.io"/>
    <property name="user.country" value="US"/>
    <property name="sun.java.launcher" value="SUN_STANDARD"/>
    <property name="sun.os.patch.level" value="unknown"/>
    <property name="java.vm.specification.name" value="Java Virtual Machine Specification"/>
    <property name="user.dir" value="/Users/brianrmullin/dev/selenium/masteringSelenium"/>
    <property name="java.runtime.version" value="1.8.0_151-b12"/>
    <property name="java.awt.graphicsenv" value="sun.awt.CGraphicsEnvironment"/>
    <property name="java.endorsed.dirs" value="/Library/Java/JavaVirtualMachines/jdk1.8.0_151.jdk/Contents/Home/jre/lib/endorsed"/>
    <property name="os.arch" value="x86_64"/>
    <property name="java.io.tmpdir" value="/var/folders/zd/n0k_cf017yd01z995kx4_7lc0000gn/T/"/>
    <property name="line.separator" value="
"/>
    <property name="java.vm.specification.vendor" value="Oracle Corporation"/>
    <property name="os.name" value="Mac OS X"/>
    <property name="classworlds.conf" value="/usr/local/Cellar/maven/3.5.3/libexec/bin/m2.conf"/>
    <property name="sun.jnu.encoding" value="UTF-8"/>
    <property name="java.library.path" value="/Users/brianrmullin/Library/Java/Extensions:/Library/Java/Extensions:/Network/Library/Java/Extensions:/System/Library/Java/Extensions:/usr/lib/java:."/>
    <property name="maven.conf" value="/usr/local/Cellar/maven/3.5.3/libexec/conf"/>
    <property name="java.specification.name" value="Java Platform API Specification"/>
    <property name="java.class.version" value="52.0"/>
    <property name="sun.management.compiler" value="HotSpot 64-Bit Tiered Compilers"/>
    <property name="os.version" value="10.13.3"/>
    <property name="library.jansi.path" value="/usr/local/Cellar/maven/3.5.3/libexec/lib/jansi-native"/>
    <property name="http.nonProxyHosts" value="local|*.local|169.254/16|*.169.254/16"/>
    <property name="user.home" value="/Users/brianrmullin"/>
    <property name="user.timezone" value="America/New_York"/>
    <property name="java.awt.printerjob" value="sun.lwawt.macosx.CPrinterJob"/>
    <property name="java.specification.version" value="1.8"/>
    <property name="file.encoding" value="UTF-8"/>
    <property name="user.name" value="brianrmullin"/>
    <property name="java.class.path" value="/usr/local/Cellar/maven/3.5.3/libexec/boot/plexus-classworlds-2.5.2.jar"/>
    <property name="java.vm.specification.version" value="1.8"/>
    <property name="sun.arch.data.model" value="64"/>
    <property name="java.home" value="/Library/Java/JavaVirtualMachines/jdk1.8.0_151.jdk/Contents/Home/jre"/>
    <property name="sun.java.command" value="org.codehaus.plexus.classworlds.launcher.Launcher clean install -e"/>
    <property name="java.specification.vendor" value="Oracle Corporation"/>
    <property name="user.language" value="en"/>
    <property name="awt.toolkit" value="sun.lwawt.macosx.LWCToolkit"/>
    <property name="java.vm.info" value="mixed mode"/>
    <property name="java.version" value="1.8.0_151"/>
    <property name="java.ext.dirs" value="/Users/brianrmullin/Library/Java/Extensions:/Library/Java/JavaVirtualMachines/jdk1.8.0_151.jdk/Contents/Home/jre/lib/ext:/Library/Java/Extensions:/Network/Library/Java/Extensions:/System/Library/Java/Extensions:/usr/lib/java"/>
    <property name="sun.boot.class.path" value="/Library/Java/JavaVirtualMachines/jdk1.8.0_151.jdk/Contents/Home/jre/lib/resources.jar:/Library/Java/JavaVirtualMachines/jdk1.8.0_151.jdk/Contents/Home/jre/lib/rt.jar:/Library/Java/JavaVirtualMachines/jdk1.8.0_151.jdk/Contents/Home/jre/lib/sunrsasign.jar:/Library/Java/JavaVirtualMachines/jdk1.8.0_151.jdk/Contents/Home/jre/lib/jsse.jar:/Library/Java/JavaVirtualMachines/jdk1.8.0_151.jdk/Contents/Home/jre/lib/jce.jar:/Library/Java/JavaVirtualMachines/jdk1.8.0_151.jdk/Contents/Home/jre/lib/charsets.jar:/Library/Java/JavaVirtualMachines/jdk1.8.0_151.jdk/Contents/Home/jre/lib/jfr.jar:/Library/Java/JavaVirtualMachines/jdk1.8.0_151.jdk/Contents/Home/jre/classes"/>
    <property name="java.vendor" value="Oracle Corporation"/>
    <property name="maven.home" value="/usr/local/Cellar/maven/3.5.3/libexec"/>
    <property name="file.separator" value="/"/>
    <property name="java.vendor.url.bug" value="http://bugreport.sun.com/bugreport/"/>
    <property name="sun.cpu.endian" value="little"/>
    <property name="sun.io.unicode.encoding" value="UnicodeBig"/>
    <property name="socksNonProxyHosts" value="local|*.local|169.254/16|*.169.254/16"/>
    <property name="ftp.nonProxyHosts" value="local|*.local|169.254/16|*.169.254/16"/>
    <property name="sun.cpu.isalist" value=""/>
  </properties>
  <testcase classname="BasicTest" name="googleCheeseExample" time="47.362">
    <failure message="Failed to connect to binary FirefoxBinary(/Applications/Firefox.app/Contents/MacOS/firefox-bin) on port 7055; process output follows: 
xtensions.json
1522885169994	addons.xpi	DEBUG	Ignoring file entry whose name is not a valid add-on ID: /var/folders/zd/n0k_cf017yd01z995kx4_7lc0000gn/T/anonymous8187962694522543327webdriver-profile/extensions/webdriver-staging
1522885169994	addons.xpi	INFO	Mapping fxdriver@googlecode.com to /var/folders/zd/n0k_cf017yd01z995kx4_7lc0000gn/T/anonymous8187962694522543327webdriver-profile/extensions/fxdriver@googlecode.com
1522885169994	addons.xpi	DEBUG	Existing add-on fxdriver@googlecode.com in app-profile
1522885169994	addons.xpi	INFO	Mapping activity-stream@mozilla.org to /Applications/Firefox.app/Contents/Resources/browser/features/activity-stream@mozilla.org.xpi
1522885169994	addons.xpi	INFO	Mapping aushelper@mozilla.org to /Applications/Firefox.app/Contents/Resources/browser/features/aushelper@mozilla.org.xpi
1522885169994	addons.xpi	INFO	Mapping firefox@getpocket.com to /Applications/Firefox.app/Contents/Resources/browser/features/firefox@getpocket.com.xpi
1522885169994	addons.xpi	INFO	Mapping followonsearch@mozilla.com to /Applications/Firefox.app/Contents/Resources/browser/features/followonsearch@mozilla.com.xpi
1522885169994	addons.xpi	INFO	Mapping formautofill@mozilla.org to /Applications/Firefox.app/Contents/Resources/browser/features/formautofill@mozilla.org.xpi
1522885169994	addons.xpi	INFO	Mapping onboarding@mozilla.org to /Applications/Firefox.app/Contents/Resources/browser/features/onboarding@mozilla.org.xpi
1522885169994	addons.xpi	INFO	Mapping screenshots@mozilla.org to /Applications/Firefox.app/Contents/Resources/browser/features/screenshots@mozilla.org.xpi
1522885169994	addons.xpi	INFO	Mapping shield-recipe-client@mozilla.org to /Applications/Firefox.app/Contents/Resources/browser/features/shield-recipe-client@mozilla.org.xpi
1522885169994	addons.xpi	INFO	Mapping webcompat@mozilla.org to /Applications/Firefox.app/Contents/Resources/browser/features/webcompat@mozilla.org.xpi
1522885169994	addons.xpi	DEBUG	Existing add-on activity-stream@mozilla.org in app-system-defaults
1522885169994	addons.xpi	DEBUG	Existing add-on aushelper@mozilla.org in app-system-defaults
1522885169996	addons.xpi	DEBUG	Existing add-on firefox@getpocket.com in app-system-defaults
1522885169996	addons.xpi	DEBUG	Existing add-on followonsearch@mozilla.com in app-system-defaults
1522885169996	addons.xpi	DEBUG	Existing add-on formautofill@mozilla.org in app-system-defaults
1522885169996	addons.xpi	DEBUG	Existing add-on onboarding@mozilla.org in app-system-defaults
1522885169996	addons.xpi	DEBUG	Existing add-on screenshots@mozilla.org in app-system-defaults
1522885169996	addons.xpi	DEBUG	Existing add-on shield-recipe-client@mozilla.org in app-system-defaults
1522885169996	addons.xpi	DEBUG	Existing add-on webcompat@mozilla.org in app-system-defaults
1522885169996	addons.xpi	INFO	Mapping {972ce4c6-7e08-4474-a285-3208198ce6fd} to /Applications/Firefox.app/Contents/Resources/browser/extensions/{972ce4c6-7e08-4474-a285-3208198ce6fd}.xpi
1522885169996	addons.xpi	DEBUG	Existing add-on {972ce4c6-7e08-4474-a285-3208198ce6fd} in app-global
1522885169996	addons.xpi	DEBUG	getInstallState changed: false, state: {}
2018-04-04 19:39:30.044 plugin-container[28682:1074107] *** CFMessagePort: bootstrap_register(): failed 1100 (0x44c) &apos;Permission denied&apos;, port = 0x7317, name = &apos;com.apple.coredrag&apos;
See /usr/include/servers/bootstrap_defs.h for the error codes.
1522885170046	addons.xpi-utils	DEBUG	Async JSON file read took 0 MS
1522885170046	addons.xpi-utils	DEBUG	Finished async read of XPI database, parsing...
1522885170048	addons.xpi-utils	DEBUG	Successfully read XPI database
2018-04-04 19:39:30.712 plugin-container[28683:1074271] *** CFMessagePort: bootstrap_register(): failed 1100 (0x44c) &apos;Permission denied&apos;, port = 0x743b, name = &apos;com.apple.tsm.portname&apos;
See /usr/include/servers/bootstrap_defs.h for the error codes.
2018-04-04 19:39:30.838 plugin-container[28683:1074271] *** CFMessagePort: bootstrap_register(): failed 1100 (0x44c) &apos;Permission denied&apos;, port = 0x7497, name = &apos;com.apple.coredrag&apos;
See /usr/include/servers/bootstrap_defs.h for the error codes.

Build info: version: &apos;2.45.0&apos;, revision: &apos;5017cb8e7ca8e37638dc3091b2440b90a1d8686f&apos;, time: &apos;2015-02-27 09:10:26&apos;
System info: host: &apos;Brians-MacBook-Pro-2.local&apos;, ip: &apos;10.0.0.57&apos;, os.name: &apos;Mac OS X&apos;, os.arch: &apos;x86_64&apos;, os.version: &apos;10.13.3&apos;, java.version: &apos;1.8.0_151&apos;
Driver info: driver.version: FirefoxDriver" type="org.openqa.selenium.WebDriverException">org.openqa.selenium.WebDriverException: Failed to connect to binary FirefoxBinary(/Applications/Firefox.app/Contents/MacOS/firefox-bin) on port 7055; process output follows: 
xtensions.json
1522885169994	addons.xpi	DEBUG	Ignoring file entry whose name is not a valid add-on ID: /var/folders/zd/n0k_cf017yd01z995kx4_7lc0000gn/T/anonymous8187962694522543327webdriver-profile/extensions/webdriver-staging
1522885169994	addons.xpi	INFO	Mapping fxdriver@googlecode.com to /var/folders/zd/n0k_cf017yd01z995kx4_7lc0000gn/T/anonymous8187962694522543327webdriver-profile/extensions/fxdriver@googlecode.com
1522885169994	addons.xpi	DEBUG	Existing add-on fxdriver@googlecode.com in app-profile
1522885169994	addons.xpi	INFO	Mapping activity-stream@mozilla.org to /Applications/Firefox.app/Contents/Resources/browser/features/activity-stream@mozilla.org.xpi
1522885169994	addons.xpi	INFO	Mapping aushelper@mozilla.org to /Applications/Firefox.app/Contents/Resources/browser/features/aushelper@mozilla.org.xpi
1522885169994	addons.xpi	INFO	Mapping firefox@getpocket.com to /Applications/Firefox.app/Contents/Resources/browser/features/firefox@getpocket.com.xpi
1522885169994	addons.xpi	INFO	Mapping followonsearch@mozilla.com to /Applications/Firefox.app/Contents/Resources/browser/features/followonsearch@mozilla.com.xpi
1522885169994	addons.xpi	INFO	Mapping formautofill@mozilla.org to /Applications/Firefox.app/Contents/Resources/browser/features/formautofill@mozilla.org.xpi
1522885169994	addons.xpi	INFO	Mapping onboarding@mozilla.org to /Applications/Firefox.app/Contents/Resources/browser/features/onboarding@mozilla.org.xpi
1522885169994	addons.xpi	INFO	Mapping screenshots@mozilla.org to /Applications/Firefox.app/Contents/Resources/browser/features/screenshots@mozilla.org.xpi
1522885169994	addons.xpi	INFO	Mapping shield-recipe-client@mozilla.org to /Applications/Firefox.app/Contents/Resources/browser/features/shield-recipe-client@mozilla.org.xpi
1522885169994	addons.xpi	INFO	Mapping webcompat@mozilla.org to /Applications/Firefox.app/Contents/Resources/browser/features/webcompat@mozilla.org.xpi
1522885169994	addons.xpi	DEBUG	Existing add-on activity-stream@mozilla.org in app-system-defaults
1522885169994	addons.xpi	DEBUG	Existing add-on aushelper@mozilla.org in app-system-defaults
1522885169996	addons.xpi	DEBUG	Existing add-on firefox@getpocket.com in app-system-defaults
1522885169996	addons.xpi	DEBUG	Existing add-on followonsearch@mozilla.com in app-system-defaults
1522885169996	addons.xpi	DEBUG	Existing add-on formautofill@mozilla.org in app-system-defaults
1522885169996	addons.xpi	DEBUG	Existing add-on onboarding@mozilla.org in app-system-defaults
1522885169996	addons.xpi	DEBUG	Existing add-on screenshots@mozilla.org in app-system-defaults
1522885169996	addons.xpi	DEBUG	Existing add-on shield-recipe-client@mozilla.org in app-system-defaults
1522885169996	addons.xpi	DEBUG	Existing add-on webcompat@mozilla.org in app-system-defaults
1522885169996	addons.xpi	INFO	Mapping {972ce4c6-7e08-4474-a285-3208198ce6fd} to /Applications/Firefox.app/Contents/Resources/browser/extensions/{972ce4c6-7e08-4474-a285-3208198ce6fd}.xpi
1522885169996	addons.xpi	DEBUG	Existing add-on {972ce4c6-7e08-4474-a285-3208198ce6fd} in app-global
1522885169996	addons.xpi	DEBUG	getInstallState changed: false, state: {}
2018-04-04 19:39:30.044 plugin-container[28682:1074107] *** CFMessagePort: bootstrap_register(): failed 1100 (0x44c) &apos;Permission denied&apos;, port = 0x7317, name = &apos;com.apple.coredrag&apos;
See /usr/include/servers/bootstrap_defs.h for the error codes.
1522885170046	addons.xpi-utils	DEBUG	Async JSON file read took 0 MS
1522885170046	addons.xpi-utils	DEBUG	Finished async read of XPI database, parsing...
1522885170048	addons.xpi-utils	DEBUG	Successfully read XPI database
2018-04-04 19:39:30.712 plugin-container[28683:1074271] *** CFMessagePort: bootstrap_register(): failed 1100 (0x44c) &apos;Permission denied&apos;, port = 0x743b, name = &apos;com.apple.tsm.portname&apos;
See /usr/include/servers/bootstrap_defs.h for the error codes.
2018-04-04 19:39:30.838 plugin-container[28683:1074271] *** CFMessagePort: bootstrap_register(): failed 1100 (0x44c) &apos;Permission denied&apos;, port = 0x7497, name = &apos;com.apple.coredrag&apos;
See /usr/include/servers/bootstrap_defs.h for the error codes.
Build info: version: &apos;2.45.0&apos;, revision: &apos;5017cb8e7ca8e37638dc3091b2440b90a1d8686f&apos;, time: &apos;2015-02-27 09:10:26&apos;
System info: host: &apos;Brians-MacBook-Pro-2.local&apos;, ip: &apos;10.0.0.57&apos;, os.name: &apos;Mac OS X&apos;, os.arch: &apos;x86_64&apos;, os.version: &apos;10.13.3&apos;, java.version: &apos;1.8.0_151&apos;
Driver info: driver.version: FirefoxDriver
	at org.openqa.selenium.firefox.internal.NewProfileExtensionConnection.start(NewProfileExtensionConnection.java:130)
	at org.openqa.selenium.firefox.FirefoxDriver.startClient(FirefoxDriver.java:246)
	at org.openqa.selenium.remote.RemoteWebDriver.&lt;init&gt;(RemoteWebDriver.java:114)
	at org.openqa.selenium.firefox.FirefoxDriver.&lt;init&gt;(FirefoxDriver.java:191)
	at org.openqa.selenium.firefox.FirefoxDriver.&lt;init&gt;(FirefoxDriver.java:186)
	at org.openqa.selenium.firefox.FirefoxDriver.&lt;init&gt;(FirefoxDriver.java:182)
	at org.openqa.selenium.firefox.FirefoxDriver.&lt;init&gt;(FirefoxDriver.java:95)
	at BasicTest.googleExampleThatSearchesFor(BasicTest.java:14)
	at BasicTest.googleCheeseExample(BasicTest.java:43)
Caused by: org.openqa.selenium.firefox.NotConnectedException: Unable to connect to host 127.0.0.1 on port 7055 after 45000 ms. Firefox console output:
xtensions.json
1522885169994	addons.xpi	DEBUG	Ignoring file entry whose name is not a valid add-on ID: /var/folders/zd/n0k_cf017yd01z995kx4_7lc0000gn/T/anonymous8187962694522543327webdriver-profile/extensions/webdriver-staging
1522885169994	addons.xpi	INFO	Mapping fxdriver@googlecode.com to /var/folders/zd/n0k_cf017yd01z995kx4_7lc0000gn/T/anonymous8187962694522543327webdriver-profile/extensions/fxdriver@googlecode.com
1522885169994	addons.xpi	DEBUG	Existing add-on fxdriver@googlecode.com in app-profile
1522885169994	addons.xpi	INFO	Mapping activity-stream@mozilla.org to /Applications/Firefox.app/Contents/Resources/browser/features/activity-stream@mozilla.org.xpi
1522885169994	addons.xpi	INFO	Mapping aushelper@mozilla.org to /Applications/Firefox.app/Contents/Resources/browser/features/aushelper@mozilla.org.xpi
1522885169994	addons.xpi	INFO	Mapping firefox@getpocket.com to /Applications/Firefox.app/Contents/Resources/browser/features/firefox@getpocket.com.xpi
1522885169994	addons.xpi	INFO	Mapping followonsearch@mozilla.com to /Applications/Firefox.app/Contents/Resources/browser/features/followonsearch@mozilla.com.xpi
1522885169994	addons.xpi	INFO	Mapping formautofill@mozilla.org to /Applications/Firefox.app/Contents/Resources/browser/features/formautofill@mozilla.org.xpi
1522885169994	addons.xpi	INFO	Mapping onboarding@mozilla.org to /Applications/Firefox.app/Contents/Resources/browser/features/onboarding@mozilla.org.xpi
1522885169994	addons.xpi	INFO	Mapping screenshots@mozilla.org to /Applications/Firefox.app/Contents/Resources/browser/features/screenshots@mozilla.org.xpi
1522885169994	addons.xpi	INFO	Mapping shield-recipe-client@mozilla.org to /Applications/Firefox.app/Contents/Resources/browser/features/shield-recipe-client@mozilla.org.xpi
1522885169994	addons.xpi	INFO	Mapping webcompat@mozilla.org to /Applications/Firefox.app/Contents/Resources/browser/features/webcompat@mozilla.org.xpi
1522885169994	addons.xpi	DEBUG	Existing add-on activity-stream@mozilla.org in app-system-defaults
1522885169994	addons.xpi	DEBUG	Existing add-on aushelper@mozilla.org in app-system-defaults
1522885169996	addons.xpi	DEBUG	Existing add-on firefox@getpocket.com in app-system-defaults
1522885169996	addons.xpi	DEBUG	Existing add-on followonsearch@mozilla.com in app-system-defaults
1522885169996	addons.xpi	DEBUG	Existing add-on formautofill@mozilla.org in app-system-defaults
1522885169996	addons.xpi	DEBUG	Existing add-on onboarding@mozilla.org in app-system-defaults
1522885169996	addons.xpi	DEBUG	Existing add-on screenshots@mozilla.org in app-system-defaults
1522885169996	addons.xpi	DEBUG	Existing add-on shield-recipe-client@mozilla.org in app-system-defaults
1522885169996	addons.xpi	DEBUG	Existing add-on webcompat@mozilla.org in app-system-defaults
1522885169996	addons.xpi	INFO	Mapping {972ce4c6-7e08-4474-a285-3208198ce6fd} to /Applications/Firefox.app/Contents/Resources/browser/extensions/{972ce4c6-7e08-4474-a285-3208198ce6fd}.xpi
1522885169996	addons.xpi	DEBUG	Existing add-on {972ce4c6-7e08-4474-a285-3208198ce6fd} in app-global
1522885169996	addons.xpi	DEBUG	getInstallState changed: false, state: {}
2018-04-04 19:39:30.044 plugin-container[28682:1074107] *** CFMessagePort: bootstrap_register(): failed 1100 (0x44c) &apos;Permission denied&apos;, port = 0x7317, name = &apos;com.apple.coredrag&apos;
See /usr/include/servers/bootstrap_defs.h for the error codes.
1522885170046	addons.xpi-utils	DEBUG	Async JSON file read took 0 MS
1522885170046	addons.xpi-utils	DEBUG	Finished async read of XPI database, parsing...
1522885170048	addons.xpi-utils	DEBUG	Successfully read XPI database
2018-04-04 19:39:30.712 plugin-container[28683:1074271] *** CFMessagePort: bootstrap_register(): failed 1100 (0x44c) &apos;Permission denied&apos;, port = 0x743b, name = &apos;com.apple.tsm.portname&apos;
See /usr/include/servers/bootstrap_defs.h for the error codes.
2018-04-04 19:39:30.838 plugin-container[28683:1074271] *** CFMessagePort: bootstrap_register(): failed 1100 (0x44c) &apos;Permission denied&apos;, port = 0x7497, name = &apos;com.apple.coredrag&apos;
See /usr/include/servers/bootstrap_defs.h for the error codes.
	at org.openqa.selenium.firefox.internal.NewProfileExtensionConnection.start(NewProfileExtensionConnection.java:118)
	... 42 more
</failure>
    <system-out>Configuring TestNG with: org.apache.maven.surefire.testng.conf.TestNG652Configurator@39ed3c8d
</system-out>
    <system-err>org.openqa.selenium.firefox.NotConnectedException: Unable to connect to host 127.0.0.1 on port 7055 after 45000 ms. Firefox console output:
xtensions.json
1522885169994	addons.xpi	DEBUG	Ignoring file entry whose name is not a valid add-on ID: /var/folders/zd/n0k_cf017yd01z995kx4_7lc0000gn/T/anonymous8187962694522543327webdriver-profile/extensions/webdriver-staging
1522885169994	addons.xpi	INFO	Mapping fxdriver@googlecode.com to /var/folders/zd/n0k_cf017yd01z995kx4_7lc0000gn/T/anonymous8187962694522543327webdriver-profile/extensions/fxdriver@googlecode.com
1522885169994	addons.xpi	DEBUG	Existing add-on fxdriver@googlecode.com in app-profile
1522885169994	addons.xpi	INFO	Mapping activity-stream@mozilla.org to /Applications/Firefox.app/Contents/Resources/browser/features/activity-stream@mozilla.org.xpi
1522885169994	addons.xpi	INFO	Mapping aushelper@mozilla.org to /Applications/Firefox.app/Contents/Resources/browser/features/aushelper@mozilla.org.xpi
1522885169994	addons.xpi	INFO	Mapping firefox@getpocket.com to /Applications/Firefox.app/Contents/Resources/browser/features/firefox@getpocket.com.xpi
1522885169994	addons.xpi	INFO	Mapping followonsearch@mozilla.com to /Applications/Firefox.app/Contents/Resources/browser/features/followonsearch@mozilla.com.xpi
1522885169994	addons.xpi	INFO	Mapping formautofill@mozilla.org to /Applications/Firefox.app/Contents/Resources/browser/features/formautofill@mozilla.org.xpi
1522885169994	addons.xpi	INFO	Mapping onboarding@mozilla.org to /Applications/Firefox.app/Contents/Resources/browser/features/onboarding@mozilla.org.xpi
1522885169994	addons.xpi	INFO	Mapping screenshots@mozilla.org to /Applications/Firefox.app/Contents/Resources/browser/features/screenshots@mozilla.org.xpi
1522885169994	addons.xpi	INFO	Mapping shield-recipe-client@mozilla.org to /Applications/Firefox.app/Contents/Resources/browser/features/shield-recipe-client@mozilla.org.xpi
1522885169994	addons.xpi	INFO	Mapping webcompat@mozilla.org to /Applications/Firefox.app/Contents/Resources/browser/features/webcompat@mozilla.org.xpi
1522885169994	addons.xpi	DEBUG	Existing add-on activity-stream@mozilla.org in app-system-defaults
1522885169994	addons.xpi	DEBUG	Existing add-on aushelper@mozilla.org in app-system-defaults
1522885169996	addons.xpi	DEBUG	Existing add-on firefox@getpocket.com in app-system-defaults
1522885169996	addons.xpi	DEBUG	Existing add-on followonsearch@mozilla.com in app-system-defaults
1522885169996	addons.xpi	DEBUG	Existing add-on formautofill@mozilla.org in app-system-defaults
1522885169996	addons.xpi	DEBUG	Existing add-on onboarding@mozilla.org in app-system-defaults
1522885169996	addons.xpi	DEBUG	Existing add-on screenshots@mozilla.org in app-system-defaults
1522885169996	addons.xpi	DEBUG	Existing add-on shield-recipe-client@mozilla.org in app-system-defaults
1522885169996	addons.xpi	DEBUG	Existing add-on webcompat@mozilla.org in app-system-defaults
1522885169996	addons.xpi	INFO	Mapping {972ce4c6-7e08-4474-a285-3208198ce6fd} to /Applications/Firefox.app/Contents/Resources/browser/extensions/{972ce4c6-7e08-4474-a285-3208198ce6fd}.xpi
1522885169996	addons.xpi	DEBUG	Existing add-on {972ce4c6-7e08-4474-a285-3208198ce6fd} in app-global
1522885169996	addons.xpi	DEBUG	getInstallState changed: false, state: {}
2018-04-04 19:39:30.044 plugin-container[28682:1074107] *** CFMessagePort: bootstrap_register(): failed 1100 (0x44c) &apos;Permission denied&apos;, port = 0x7317, name = &apos;com.apple.coredrag&apos;
See /usr/include/servers/bootstrap_defs.h for the error codes.
1522885170046	addons.xpi-utils	DEBUG	Async JSON file read took 0 MS
1522885170046	addons.xpi-utils	DEBUG	Finished async read of XPI database, parsing...
1522885170048	addons.xpi-utils	DEBUG	Successfully read XPI database
2018-04-04 19:39:30.712 plugin-container[28683:1074271] *** CFMessagePort: bootstrap_register(): failed 1100 (0x44c) &apos;Permission denied&apos;, port = 0x743b, name = &apos;com.apple.tsm.portname&apos;
See /usr/include/servers/bootstrap_defs.h for the error codes.
2018-04-04 19:39:30.838 plugin-container[28683:1074271] *** CFMessagePort: bootstrap_register(): failed 1100 (0x44c) &apos;Permission denied&apos;, port = 0x7497, name = &apos;com.apple.coredrag&apos;
See /usr/include/servers/bootstrap_defs.h for the error codes.

	at org.openqa.selenium.firefox.internal.NewProfileExtensionConnection.start(NewProfileExtensionConnection.java:118)
	at org.openqa.selenium.firefox.FirefoxDriver.startClient(FirefoxDriver.java:246)
	at org.openqa.selenium.remote.RemoteWebDriver.&lt;init&gt;(RemoteWebDriver.java:114)
	at org.openqa.selenium.firefox.FirefoxDriver.&lt;init&gt;(FirefoxDriver.java:191)
	at org.openqa.selenium.firefox.FirefoxDriver.&lt;init&gt;(FirefoxDriver.java:186)
	at org.openqa.selenium.firefox.FirefoxDriver.&lt;init&gt;(FirefoxDriver.java:182)
	at org.openqa.selenium.firefox.FirefoxDriver.&lt;init&gt;(FirefoxDriver.java:95)
	at BasicTest.googleExampleThatSearchesFor(BasicTest.java:14)
	at BasicTest.googleCheeseExample(BasicTest.java:43)
	at sun.reflect.NativeMethodAccessorImpl.invoke0(Native Method)
	at sun.reflect.NativeMethodAccessorImpl.invoke(NativeMethodAccessorImpl.java:62)
	at sun.reflect.DelegatingMethodAccessorImpl.invoke(DelegatingMethodAccessorImpl.java:43)
	at java.lang.reflect.Method.invoke(Method.java:498)
	at org.testng.internal.MethodInvocationHelper.invokeMethod(MethodInvocationHelper.java:124)
	at org.testng.internal.Invoker.invokeMethod(Invoker.java:580)
	at org.testng.internal.Invoker.invokeTestMethod(Invoker.java:716)
	at org.testng.internal.Invoker.invokeTestMethods(Invoker.java:988)
	at org.testng.internal.TestMethodWorker.invokeTestMethods(TestMethodWorker.java:125)
	at org.testng.internal.TestMethodWorker.run(TestMethodWorker.java:109)
	at org.testng.TestRunner.privateRun(TestRunner.java:648)
	at org.testng.TestRunner.run(TestRunner.java:505)
	at org.testng.SuiteRunner.runTest(SuiteRunner.java:455)
	at org.testng.SuiteRunner.runSequentially(SuiteRunner.java:450)
	at org.testng.SuiteRunner.privateRun(SuiteRunner.java:415)
	at org.testng.SuiteRunner.run(SuiteRunner.java:364)
	at org.testng.SuiteRunnerWorker.runSuite(SuiteRunnerWorker.java:52)
	at org.testng.SuiteRunnerWorker.run(SuiteRunnerWorker.java:84)
	at org.testng.TestNG.runSuitesSequentially(TestNG.java:1208)
	at org.testng.TestNG.runSuitesLocally(TestNG.java:1137)
	at org.testng.TestNG.runSuites(TestNG.java:1049)
	at org.testng.TestNG.run(TestNG.java:1017)
	at org.apache.maven.surefire.testng.TestNGExecutor.run(TestNGExecutor.java:77)
	at org.apache.maven.surefire.testng.TestNGDirectoryTestSuite.execute(TestNGDirectoryTestSuite.java:110)
	at org.apache.maven.surefire.testng.TestNGProvider.invoke(TestNGProvider.java:106)
	at sun.reflect.NativeMethodAccessorImpl.invoke0(Native Method)
	at sun.reflect.NativeMethodAccessorImpl.invoke(NativeMethodAccessorImpl.java:62)
	at sun.reflect.DelegatingMethodAccessorImpl.invoke(DelegatingMethodAccessorImpl.java:43)
	at java.lang.reflect.Method.invoke(Method.java:498)
	at org.apache.maven.surefire.util.ReflectionUtils.invokeMethodWithArray(ReflectionUtils.java:189)
	at org.apache.maven.surefire.booter.ProviderFactory$ProviderProxy.invoke(ProviderFactory.java:165)
	at org.apache.maven.surefire.booter.ProviderFactory.invokeProvider(ProviderFactory.java:85)
	at org.apache.maven.surefire.booter.ForkedBooter.runSuitesInProcess(ForkedBooter.java:115)
	at org.apache.maven.surefire.booter.ForkedBooter.main(ForkedBooter.java:75)
</system-err>
  </testcase>
  <testcase classname="BasicTest" name="googleMilkExample" time="46.145">
    <failure message="Failed to connect to binary FirefoxBinary(/Applications/Firefox.app/Contents/MacOS/firefox-bin) on port 7055; process output follows: 
tures/aushelper@mozilla.org.xpi
1522885215890	addons.xpi	INFO	Mapping firefox@getpocket.com to /Applications/Firefox.app/Contents/Resources/browser/features/firefox@getpocket.com.xpi
1522885215890	addons.xpi	INFO	Mapping followonsearch@mozilla.com to /Applications/Firefox.app/Contents/Resources/browser/features/followonsearch@mozilla.com.xpi
1522885215890	addons.xpi	INFO	Mapping formautofill@mozilla.org to /Applications/Firefox.app/Contents/Resources/browser/features/formautofill@mozilla.org.xpi
1522885215890	addons.xpi	INFO	Mapping onboarding@mozilla.org to /Applications/Firefox.app/Contents/Resources/browser/features/onboarding@mozilla.org.xpi
1522885215890	addons.xpi	INFO	Mapping screenshots@mozilla.org to /Applications/Firefox.app/Contents/Resources/browser/features/screenshots@mozilla.org.xpi
1522885215890	addons.xpi	INFO	Mapping shield-recipe-client@mozilla.org to /Applications/Firefox.app/Contents/Resources/browser/features/shield-recipe-client@mozilla.org.xpi
1522885215890	addons.xpi	INFO	Mapping webcompat@mozilla.org to /Applications/Firefox.app/Contents/Resources/browser/features/webcompat@mozilla.org.xpi
1522885215890	addons.xpi	DEBUG	Existing add-on activity-stream@mozilla.org in app-system-defaults
1522885215892	addons.xpi	DEBUG	Existing add-on aushelper@mozilla.org in app-system-defaults
1522885215892	addons.xpi	DEBUG	Existing add-on firefox@getpocket.com in app-system-defaults
1522885215892	addons.xpi	DEBUG	Existing add-on followonsearch@mozilla.com in app-system-defaults
1522885215892	addons.xpi	DEBUG	Existing add-on formautofill@mozilla.org in app-system-defaults
1522885215892	addons.xpi	DEBUG	Existing add-on onboarding@mozilla.org in app-system-defaults
1522885215892	addons.xpi	DEBUG	Existing add-on screenshots@mozilla.org in app-system-defaults
1522885215892	addons.xpi	DEBUG	Existing add-on shield-recipe-client@mozilla.org in app-system-defaults
1522885215892	addons.xpi	DEBUG	Existing add-on webcompat@mozilla.org in app-system-defaults
1522885215892	addons.xpi	INFO	Mapping {972ce4c6-7e08-4474-a285-3208198ce6fd} to /Applications/Firefox.app/Contents/Resources/browser/extensions/{972ce4c6-7e08-4474-a285-3208198ce6fd}.xpi
1522885215892	addons.xpi	DEBUG	Existing add-on {972ce4c6-7e08-4474-a285-3208198ce6fd} in app-global
1522885215892	addons.xpi	DEBUG	getInstallState changed: false, state: {}
2018-04-04 19:40:15.917 plugin-container[28687:1075074] *** CFMessagePort: bootstrap_register(): failed 1100 (0x44c) &apos;Permission denied&apos;, port = 0x751b, name = &apos;com.apple.coredrag&apos;
See /usr/include/servers/bootstrap_defs.h for the error codes.
1522885215938	addons.xpi-utils	DEBUG	Async JSON file read took 0 MS
1522885215938	addons.xpi-utils	DEBUG	Finished async read of XPI database, parsing...
1522885215942	addons.xpi-utils	DEBUG	Successfully read XPI database
2018-04-04 19:40:16.674 plugin-container[28688:1075212] *** CFMessagePort: bootstrap_register(): failed 1100 (0x44c) &apos;Permission denied&apos;, port = 0x7b3b, name = &apos;com.apple.tsm.portname&apos;
See /usr/include/servers/bootstrap_defs.h for the error codes.
2018-04-04 19:40:16.799 plugin-container[28688:1075212] *** CFMessagePort: bootstrap_register(): failed 1100 (0x44c) &apos;Permission denied&apos;, port = 0x7b57, name = &apos;com.apple.coredrag&apos;
See /usr/include/servers/bootstrap_defs.h for the error codes.
2018-04-04 19:40:55.644 firefox-bin[28686:1074941] IMKInputSession [0x1216fa700 presentFunctionRowItemTextInputViewWithEndpoint:completionHandler:] : [self textInputContext]=0x11b8cfca0 *NO* NSRemoteViewController to client, NSError=Error Domain=NSCocoaErrorDomain Code=4097 &quot;connection from pid 0&quot; UserInfo={NSDebugDescription=connection from pid 0}, com.apple.inputmethod.EmojiFunctionRowItem
2018-04-04 19:40:55.651 firefox-bin[28686:1074941] IMKInputSession [0x1216fa700 presentFunctionRowItemTextInputViewWithEndpoint:completionHandler:] : [self textInputContext]=0x11b8cfca0 *NO* NSRemoteViewController to client, NSError=Error Domain=NSCocoaErrorDomain Code=4097 &quot;connection from pid 0&quot; UserInfo={NSDebugDescription=connection from pid 0}, com.apple.inputmethod.EmojiFunctionRowItem

Build info: version: &apos;2.45.0&apos;, revision: &apos;5017cb8e7ca8e37638dc3091b2440b90a1d8686f&apos;, time: &apos;2015-02-27 09:10:26&apos;
System info: host: &apos;Brians-MacBook-Pro-2.local&apos;, ip: &apos;10.0.0.57&apos;, os.name: &apos;Mac OS X&apos;, os.arch: &apos;x86_64&apos;, os.version: &apos;10.13.3&apos;, java.version: &apos;1.8.0_151&apos;
Driver info: driver.version: FirefoxDriver" type="org.openqa.selenium.WebDriverException">org.openqa.selenium.WebDriverException: Failed to connect to binary FirefoxBinary(/Applications/Firefox.app/Contents/MacOS/firefox-bin) on port 7055; process output follows: 
tures/aushelper@mozilla.org.xpi
1522885215890	addons.xpi	INFO	Mapping firefox@getpocket.com to /Applications/Firefox.app/Contents/Resources/browser/features/firefox@getpocket.com.xpi
1522885215890	addons.xpi	INFO	Mapping followonsearch@mozilla.com to /Applications/Firefox.app/Contents/Resources/browser/features/followonsearch@mozilla.com.xpi
1522885215890	addons.xpi	INFO	Mapping formautofill@mozilla.org to /Applications/Firefox.app/Contents/Resources/browser/features/formautofill@mozilla.org.xpi
1522885215890	addons.xpi	INFO	Mapping onboarding@mozilla.org to /Applications/Firefox.app/Contents/Resources/browser/features/onboarding@mozilla.org.xpi
1522885215890	addons.xpi	INFO	Mapping screenshots@mozilla.org to /Applications/Firefox.app/Contents/Resources/browser/features/screenshots@mozilla.org.xpi
1522885215890	addons.xpi	INFO	Mapping shield-recipe-client@mozilla.org to /Applications/Firefox.app/Contents/Resources/browser/features/shield-recipe-client@mozilla.org.xpi
1522885215890	addons.xpi	INFO	Mapping webcompat@mozilla.org to /Applications/Firefox.app/Contents/Resources/browser/features/webcompat@mozilla.org.xpi
1522885215890	addons.xpi	DEBUG	Existing add-on activity-stream@mozilla.org in app-system-defaults
1522885215892	addons.xpi	DEBUG	Existing add-on aushelper@mozilla.org in app-system-defaults
1522885215892	addons.xpi	DEBUG	Existing add-on firefox@getpocket.com in app-system-defaults
1522885215892	addons.xpi	DEBUG	Existing add-on followonsearch@mozilla.com in app-system-defaults
1522885215892	addons.xpi	DEBUG	Existing add-on formautofill@mozilla.org in app-system-defaults
1522885215892	addons.xpi	DEBUG	Existing add-on onboarding@mozilla.org in app-system-defaults
1522885215892	addons.xpi	DEBUG	Existing add-on screenshots@mozilla.org in app-system-defaults
1522885215892	addons.xpi	DEBUG	Existing add-on shield-recipe-client@mozilla.org in app-system-defaults
1522885215892	addons.xpi	DEBUG	Existing add-on webcompat@mozilla.org in app-system-defaults
1522885215892	addons.xpi	INFO	Mapping {972ce4c6-7e08-4474-a285-3208198ce6fd} to /Applications/Firefox.app/Contents/Resources/browser/extensions/{972ce4c6-7e08-4474-a285-3208198ce6fd}.xpi
1522885215892	addons.xpi	DEBUG	Existing add-on {972ce4c6-7e08-4474-a285-3208198ce6fd} in app-global
1522885215892	addons.xpi	DEBUG	getInstallState changed: false, state: {}
2018-04-04 19:40:15.917 plugin-container[28687:1075074] *** CFMessagePort: bootstrap_register(): failed 1100 (0x44c) &apos;Permission denied&apos;, port = 0x751b, name = &apos;com.apple.coredrag&apos;
See /usr/include/servers/bootstrap_defs.h for the error codes.
1522885215938	addons.xpi-utils	DEBUG	Async JSON file read took 0 MS
1522885215938	addons.xpi-utils	DEBUG	Finished async read of XPI database, parsing...
1522885215942	addons.xpi-utils	DEBUG	Successfully read XPI database
2018-04-04 19:40:16.674 plugin-container[28688:1075212] *** CFMessagePort: bootstrap_register(): failed 1100 (0x44c) &apos;Permission denied&apos;, port = 0x7b3b, name = &apos;com.apple.tsm.portname&apos;
See /usr/include/servers/bootstrap_defs.h for the error codes.
2018-04-04 19:40:16.799 plugin-container[28688:1075212] *** CFMessagePort: bootstrap_register(): failed 1100 (0x44c) &apos;Permission denied&apos;, port = 0x7b57, name = &apos;com.apple.coredrag&apos;
See /usr/include/servers/bootstrap_defs.h for the error codes.
2018-04-04 19:40:55.644 firefox-bin[28686:1074941] IMKInputSession [0x1216fa700 presentFunctionRowItemTextInputViewWithEndpoint:completionHandler:] : [self textInputContext]=0x11b8cfca0 *NO* NSRemoteViewController to client, NSError=Error Domain=NSCocoaErrorDomain Code=4097 &quot;connection from pid 0&quot; UserInfo={NSDebugDescription=connection from pid 0}, com.apple.inputmethod.EmojiFunctionRowItem
2018-04-04 19:40:55.651 firefox-bin[28686:1074941] IMKInputSession [0x1216fa700 presentFunctionRowItemTextInputViewWithEndpoint:completionHandler:] : [self textInputContext]=0x11b8cfca0 *NO* NSRemoteViewController to client, NSError=Error Domain=NSCocoaErrorDomain Code=4097 &quot;connection from pid 0&quot; UserInfo={NSDebugDescription=connection from pid 0}, com.apple.inputmethod.EmojiFunctionRowItem
Build info: version: &apos;2.45.0&apos;, revision: &apos;5017cb8e7ca8e37638dc3091b2440b90a1d8686f&apos;, time: &apos;2015-02-27 09:10:26&apos;
System info: host: &apos;Brians-MacBook-Pro-2.local&apos;, ip: &apos;10.0.0.57&apos;, os.name: &apos;Mac OS X&apos;, os.arch: &apos;x86_64&apos;, os.version: &apos;10.13.3&apos;, java.version: &apos;1.8.0_151&apos;
Driver info: driver.version: FirefoxDriver
	at org.openqa.selenium.firefox.internal.NewProfileExtensionConnection.start(NewProfileExtensionConnection.java:130)
	at org.openqa.selenium.firefox.FirefoxDriver.startClient(FirefoxDriver.java:246)
	at org.openqa.selenium.remote.RemoteWebDriver.&lt;init&gt;(RemoteWebDriver.java:114)
	at org.openqa.selenium.firefox.FirefoxDriver.&lt;init&gt;(FirefoxDriver.java:191)
	at org.openqa.selenium.firefox.FirefoxDriver.&lt;init&gt;(FirefoxDriver.java:186)
	at org.openqa.selenium.firefox.FirefoxDriver.&lt;init&gt;(FirefoxDriver.java:182)
	at org.openqa.selenium.firefox.FirefoxDriver.&lt;init&gt;(FirefoxDriver.java:95)
	at BasicTest.googleExampleThatSearchesFor(BasicTest.java:14)
	at BasicTest.googleMilkExample(BasicTest.java:48)
Caused by: org.openqa.selenium.firefox.NotConnectedException: Unable to connect to host 127.0.0.1 on port 7055 after 45000 ms. Firefox console output:
tures/aushelper@mozilla.org.xpi
1522885215890	addons.xpi	INFO	Mapping firefox@getpocket.com to /Applications/Firefox.app/Contents/Resources/browser/features/firefox@getpocket.com.xpi
1522885215890	addons.xpi	INFO	Mapping followonsearch@mozilla.com to /Applications/Firefox.app/Contents/Resources/browser/features/followonsearch@mozilla.com.xpi
1522885215890	addons.xpi	INFO	Mapping formautofill@mozilla.org to /Applications/Firefox.app/Contents/Resources/browser/features/formautofill@mozilla.org.xpi
1522885215890	addons.xpi	INFO	Mapping onboarding@mozilla.org to /Applications/Firefox.app/Contents/Resources/browser/features/onboarding@mozilla.org.xpi
1522885215890	addons.xpi	INFO	Mapping screenshots@mozilla.org to /Applications/Firefox.app/Contents/Resources/browser/features/screenshots@mozilla.org.xpi
1522885215890	addons.xpi	INFO	Mapping shield-recipe-client@mozilla.org to /Applications/Firefox.app/Contents/Resources/browser/features/shield-recipe-client@mozilla.org.xpi
1522885215890	addons.xpi	INFO	Mapping webcompat@mozilla.org to /Applications/Firefox.app/Contents/Resources/browser/features/webcompat@mozilla.org.xpi
1522885215890	addons.xpi	DEBUG	Existing add-on activity-stream@mozilla.org in app-system-defaults
1522885215892	addons.xpi	DEBUG	Existing add-on aushelper@mozilla.org in app-system-defaults
1522885215892	addons.xpi	DEBUG	Existing add-on firefox@getpocket.com in app-system-defaults
1522885215892	addons.xpi	DEBUG	Existing add-on followonsearch@mozilla.com in app-system-defaults
1522885215892	addons.xpi	DEBUG	Existing add-on formautofill@mozilla.org in app-system-defaults
1522885215892	addons.xpi	DEBUG	Existing add-on onboarding@mozilla.org in app-system-defaults
1522885215892	addons.xpi	DEBUG	Existing add-on screenshots@mozilla.org in app-system-defaults
1522885215892	addons.xpi	DEBUG	Existing add-on shield-recipe-client@mozilla.org in app-system-defaults
1522885215892	addons.xpi	DEBUG	Existing add-on webcompat@mozilla.org in app-system-defaults
1522885215892	addons.xpi	INFO	Mapping {972ce4c6-7e08-4474-a285-3208198ce6fd} to /Applications/Firefox.app/Contents/Resources/browser/extensions/{972ce4c6-7e08-4474-a285-3208198ce6fd}.xpi
1522885215892	addons.xpi	DEBUG	Existing add-on {972ce4c6-7e08-4474-a285-3208198ce6fd} in app-global
1522885215892	addons.xpi	DEBUG	getInstallState changed: false, state: {}
2018-04-04 19:40:15.917 plugin-container[28687:1075074] *** CFMessagePort: bootstrap_register(): failed 1100 (0x44c) &apos;Permission denied&apos;, port = 0x751b, name = &apos;com.apple.coredrag&apos;
See /usr/include/servers/bootstrap_defs.h for the error codes.
1522885215938	addons.xpi-utils	DEBUG	Async JSON file read took 0 MS
1522885215938	addons.xpi-utils	DEBUG	Finished async read of XPI database, parsing...
1522885215942	addons.xpi-utils	DEBUG	Successfully read XPI database
2018-04-04 19:40:16.674 plugin-container[28688:1075212] *** CFMessagePort: bootstrap_register(): failed 1100 (0x44c) &apos;Permission denied&apos;, port = 0x7b3b, name = &apos;com.apple.tsm.portname&apos;
See /usr/include/servers/bootstrap_defs.h for the error codes.
2018-04-04 19:40:16.799 plugin-container[28688:1075212] *** CFMessagePort: bootstrap_register(): failed 1100 (0x44c) &apos;Permission denied&apos;, port = 0x7b57, name = &apos;com.apple.coredrag&apos;
See /usr/include/servers/bootstrap_defs.h for the error codes.
2018-04-04 19:40:55.644 firefox-bin[28686:1074941] IMKInputSession [0x1216fa700 presentFunctionRowItemTextInputViewWithEndpoint:completionHandler:] : [self textInputContext]=0x11b8cfca0 *NO* NSRemoteViewController to client, NSError=Error Domain=NSCocoaErrorDomain Code=4097 &quot;connection from pid 0&quot; UserInfo={NSDebugDescription=connection from pid 0}, com.apple.inputmethod.EmojiFunctionRowItem
2018-04-04 19:40:55.651 firefox-bin[28686:1074941] IMKInputSession [0x1216fa700 presentFunctionRowItemTextInputViewWithEndpoint:completionHandler:] : [self textInputContext]=0x11b8cfca0 *NO* NSRemoteViewController to client, NSError=Error Domain=NSCocoaErrorDomain Code=4097 &quot;connection from pid 0&quot; UserInfo={NSDebugDescription=connection from pid 0}, com.apple.inputmethod.EmojiFunctionRowItem
	at org.openqa.selenium.firefox.internal.NewProfileExtensionConnection.start(NewProfileExtensionConnection.java:118)
	... 42 more
</failure>
    <system-err>org.openqa.selenium.firefox.NotConnectedException: Unable to connect to host 127.0.0.1 on port 7055 after 45000 ms. Firefox console output:
tures/aushelper@mozilla.org.xpi
1522885215890	addons.xpi	INFO	Mapping firefox@getpocket.com to /Applications/Firefox.app/Contents/Resources/browser/features/firefox@getpocket.com.xpi
1522885215890	addons.xpi	INFO	Mapping followonsearch@mozilla.com to /Applications/Firefox.app/Contents/Resources/browser/features/followonsearch@mozilla.com.xpi
1522885215890	addons.xpi	INFO	Mapping formautofill@mozilla.org to /Applications/Firefox.app/Contents/Resources/browser/features/formautofill@mozilla.org.xpi
1522885215890	addons.xpi	INFO	Mapping onboarding@mozilla.org to /Applications/Firefox.app/Contents/Resources/browser/features/onboarding@mozilla.org.xpi
1522885215890	addons.xpi	INFO	Mapping screenshots@mozilla.org to /Applications/Firefox.app/Contents/Resources/browser/features/screenshots@mozilla.org.xpi
1522885215890	addons.xpi	INFO	Mapping shield-recipe-client@mozilla.org to /Applications/Firefox.app/Contents/Resources/browser/features/shield-recipe-client@mozilla.org.xpi
1522885215890	addons.xpi	INFO	Mapping webcompat@mozilla.org to /Applications/Firefox.app/Contents/Resources/browser/features/webcompat@mozilla.org.xpi
1522885215890	addons.xpi	DEBUG	Existing add-on activity-stream@mozilla.org in app-system-defaults
1522885215892	addons.xpi	DEBUG	Existing add-on aushelper@mozilla.org in app-system-defaults
1522885215892	addons.xpi	DEBUG	Existing add-on firefox@getpocket.com in app-system-defaults
1522885215892	addons.xpi	DEBUG	Existing add-on followonsearch@mozilla.com in app-system-defaults
1522885215892	addons.xpi	DEBUG	Existing add-on formautofill@mozilla.org in app-system-defaults
1522885215892	addons.xpi	DEBUG	Existing add-on onboarding@mozilla.org in app-system-defaults
1522885215892	addons.xpi	DEBUG	Existing add-on screenshots@mozilla.org in app-system-defaults
1522885215892	addons.xpi	DEBUG	Existing add-on shield-recipe-client@mozilla.org in app-system-defaults
1522885215892	addons.xpi	DEBUG	Existing add-on webcompat@mozilla.org in app-system-defaults
1522885215892	addons.xpi	INFO	Mapping {972ce4c6-7e08-4474-a285-3208198ce6fd} to /Applications/Firefox.app/Contents/Resources/browser/extensions/{972ce4c6-7e08-4474-a285-3208198ce6fd}.xpi
1522885215892	addons.xpi	DEBUG	Existing add-on {972ce4c6-7e08-4474-a285-3208198ce6fd} in app-global
1522885215892	addons.xpi	DEBUG	getInstallState changed: false, state: {}
2018-04-04 19:40:15.917 plugin-container[28687:1075074] *** CFMessagePort: bootstrap_register(): failed 1100 (0x44c) &apos;Permission denied&apos;, port = 0x751b, name = &apos;com.apple.coredrag&apos;
See /usr/include/servers/bootstrap_defs.h for the error codes.
1522885215938	addons.xpi-utils	DEBUG	Async JSON file read took 0 MS
1522885215938	addons.xpi-utils	DEBUG	Finished async read of XPI database, parsing...
1522885215942	addons.xpi-utils	DEBUG	Successfully read XPI database
2018-04-04 19:40:16.674 plugin-container[28688:1075212] *** CFMessagePort: bootstrap_register(): failed 1100 (0x44c) &apos;Permission denied&apos;, port = 0x7b3b, name = &apos;com.apple.tsm.portname&apos;
See /usr/include/servers/bootstrap_defs.h for the error codes.
2018-04-04 19:40:16.799 plugin-container[28688:1075212] *** CFMessagePort: bootstrap_register(): failed 1100 (0x44c) &apos;Permission denied&apos;, port = 0x7b57, name = &apos;com.apple.coredrag&apos;
See /usr/include/servers/bootstrap_defs.h for the error codes.
2018-04-04 19:40:55.644 firefox-bin[28686:1074941] IMKInputSession [0x1216fa700 presentFunctionRowItemTextInputViewWithEndpoint:completionHandler:] : [self textInputContext]=0x11b8cfca0 *NO* NSRemoteViewController to client, NSError=Error Domain=NSCocoaErrorDomain Code=4097 &quot;connection from pid 0&quot; UserInfo={NSDebugDescription=connection from pid 0}, com.apple.inputmethod.EmojiFunctionRowItem
2018-04-04 19:40:55.651 firefox-bin[28686:1074941] IMKInputSession [0x1216fa700 presentFunctionRowItemTextInputViewWithEndpoint:completionHandler:] : [self textInputContext]=0x11b8cfca0 *NO* NSRemoteViewController to client, NSError=Error Domain=NSCocoaErrorDomain Code=4097 &quot;connection from pid 0&quot; UserInfo={NSDebugDescription=connection from pid 0}, com.apple.inputmethod.EmojiFunctionRowItem

	at org.openqa.selenium.firefox.internal.NewProfileExtensionConnection.start(NewProfileExtensionConnection.java:118)
	at org.openqa.selenium.firefox.FirefoxDriver.startClient(FirefoxDriver.java:246)
	at org.openqa.selenium.remote.RemoteWebDriver.&lt;init&gt;(RemoteWebDriver.java:114)
	at org.openqa.selenium.firefox.FirefoxDriver.&lt;init&gt;(FirefoxDriver.java:191)
	at org.openqa.selenium.firefox.FirefoxDriver.&lt;init&gt;(FirefoxDriver.java:186)
	at org.openqa.selenium.firefox.FirefoxDriver.&lt;init&gt;(FirefoxDriver.java:182)
	at org.openqa.selenium.firefox.FirefoxDriver.&lt;init&gt;(FirefoxDriver.java:95)
	at BasicTest.googleExampleThatSearchesFor(BasicTest.java:14)
	at BasicTest.googleMilkExample(BasicTest.java:48)
	at sun.reflect.NativeMethodAccessorImpl.invoke0(Native Method)
	at sun.reflect.NativeMethodAccessorImpl.invoke(NativeMethodAccessorImpl.java:62)
	at sun.reflect.DelegatingMethodAccessorImpl.invoke(DelegatingMethodAccessorImpl.java:43)
	at java.lang.reflect.Method.invoke(Method.java:498)
	at org.testng.internal.MethodInvocationHelper.invokeMethod(MethodInvocationHelper.java:124)
	at org.testng.internal.Invoker.invokeMethod(Invoker.java:580)
	at org.testng.internal.Invoker.invokeTestMethod(Invoker.java:716)
	at org.testng.internal.Invoker.invokeTestMethods(Invoker.java:988)
	at org.testng.internal.TestMethodWorker.invokeTestMethods(TestMethodWorker.java:125)
	at org.testng.internal.TestMethodWorker.run(TestMethodWorker.java:109)
	at org.testng.TestRunner.privateRun(TestRunner.java:648)
	at org.testng.TestRunner.run(TestRunner.java:505)
	at org.testng.SuiteRunner.runTest(SuiteRunner.java:455)
	at org.testng.SuiteRunner.runSequentially(SuiteRunner.java:450)
	at org.testng.SuiteRunner.privateRun(SuiteRunner.java:415)
	at org.testng.SuiteRunner.run(SuiteRunner.java:364)
	at org.testng.SuiteRunnerWorker.runSuite(SuiteRunnerWorker.java:52)
	at org.testng.SuiteRunnerWorker.run(SuiteRunnerWorker.java:84)
	at org.testng.TestNG.runSuitesSequentially(TestNG.java:1208)
	at org.testng.TestNG.runSuitesLocally(TestNG.java:1137)
	at org.testng.TestNG.runSuites(TestNG.java:1049)
	at org.testng.TestNG.run(TestNG.java:1017)
	at org.apache.maven.surefire.testng.TestNGExecutor.run(TestNGExecutor.java:77)
	at org.apache.maven.surefire.testng.TestNGDirectoryTestSuite.execute(TestNGDirectoryTestSuite.java:110)
	at org.apache.maven.surefire.testng.TestNGProvider.invoke(TestNGProvider.java:106)
	at sun.reflect.NativeMethodAccessorImpl.invoke0(Native Method)
	at sun.reflect.NativeMethodAccessorImpl.invoke(NativeMethodAccessorImpl.java:62)
	at sun.reflect.DelegatingMethodAccessorImpl.invoke(DelegatingMethodAccessorImpl.java:43)
	at java.lang.reflect.Method.invoke(Method.java:498)
	at org.apache.maven.surefire.util.ReflectionUtils.invokeMethodWithArray(ReflectionUtils.java:189)
	at org.apache.maven.surefire.booter.ProviderFactory$ProviderProxy.invoke(ProviderFactory.java:165)
	at org.apache.maven.surefire.booter.ProviderFactory.invokeProvider(ProviderFactory.java:85)
	at org.apache.maven.surefire.booter.ForkedBooter.runSuitesInProcess(ForkedBooter.java:115)
	at org.apache.maven.surefire.booter.ForkedBooter.main(ForkedBooter.java:75)
</system-err>
  </testcase>
</testsuite>