<?xml version="1.0" encoding="UTF-8"?>
<!-- Generated by org.testng.reporters.JUnitReportReporter -->
<testsuite skipped="0" hostname="220.sub-97-32-214.myvzw.com" name="BasicTest" tests="2" failures="0" timestamp="05 Apr 2018 18:22:44 GMT" time="34.198" errors="0">
  <testcase name="googleMilkExample" time="16.503" classname="BasicTest"/>
  <testcase name="googleCheeseExample" time="17.695" classname="BasicTest"/>
</testsuite> <!-- BasicTest -->
